<?xml version="1.0" encoding="UTF-8"?>
<!-- Generated by org.testng.reporters.JUnitReportReporter -->
<testsuite hostname="SURENDRAN" failures="0" tests="6" name="com.mylogoecom.testclasses.OrderProductTest" time="23.297" errors="0" timestamp="2022-04-12T21:50:10 IST" skipped="0">
  <testcase classname="com.mylogoecom.testclasses.OrderProductTest" name="orderConfirmationPageTest" time="0.011"/>
  <system-out/>
  <testcase classname="com.mylogoecom.testclasses.OrderProductTest" name="paymentPageofShoppingCartPage" time="0.011"/>
  <system-out/>
  <testcase classname="com.mylogoecom.testclasses.OrderProductTest" name="addProductTpShoppingCart" time="17.622"/>
  <system-out/>
  <testcase classname="com.mylogoecom.testclasses.OrderProductTest" name="shippingPageOfShoppingCartTest" time="2.952"/>
  <system-out/>
  <testcase classname="com.mylogoecom.testclasses.OrderProductTest" name="addressPageOfShoppingCartTest" time="2.697"/>
  <system-out/>
  <testcase classname="com.mylogoecom.testclasses.OrderProductTest" name="orderSuccessFullPageTest" time="0.004"/>
  <system-out/>
</testsuite> <!-- com.mylogoecom.testclasses.OrderProductTest -->
