<?xml version="1.0" encoding="UTF-8"?>
<!-- Generated by org.testng.reporters.JUnitReportReporter -->
<testsuite hostname="SURENDRAN" failures="0" tests="1" name="com.mylogoecom.testclasses.OrderProductTest" time="59.508" errors="0" timestamp="2022-03-29T20:45:49 IST" skipped="0">
  <testcase classname="com.mylogoecom.testclasses.OrderProductTest" name="productOrder" time="59.508"/>
  <system-out/>
</testsuite> <!-- com.mylogoecom.testclasses.OrderProductTest -->
