<?xml version="1.0" encoding="UTF-8"?>
<!-- Generated by org.testng.reporters.JUnitReportReporter -->
<testsuite hostname="SURENDRAN" failures="0" tests="6" name="com.mylogoecom.testclasses.OrderProductTest" time="81.403" errors="0" timestamp="2022-04-18T21:05:33 IST" skipped="0">
  <testcase classname="com.mylogoecom.testclasses.OrderProductTest" name="addressPageOfShoppingCartTest" time="4.170"/>
  <system-out/>
  <testcase classname="com.mylogoecom.testclasses.OrderProductTest" name="shippingPageOfShoppingCartTest" time="3.805"/>
  <system-out/>
  <testcase classname="com.mylogoecom.testclasses.OrderProductTest" name="orderSuccessFullPageTest" time="47.402"/>
  <system-out/>
  <testcase classname="com.mylogoecom.testclasses.OrderProductTest" name="addProductTpShoppingCart" time="20.224"/>
  <system-out/>
  <testcase classname="com.mylogoecom.testclasses.OrderProductTest" name="paymentPageofShoppingCartPage" time="2.791"/>
  <system-out/>
  <testcase classname="com.mylogoecom.testclasses.OrderProductTest" name="orderConfirmationPageTest" time="3.011"/>
  <system-out/>
</testsuite> <!-- com.mylogoecom.testclasses.OrderProductTest -->
