<?xml version="1.0" encoding="UTF-8"?>
<!-- Generated by org.testng.reporters.JUnitReportReporter -->
<testsuite hostname="SURENDRAN" failures="0" tests="1" name="com.mylogoecom.testclasses.SignUpEmailPageTest" time="51.068" errors="0" timestamp="2022-03-18T13:20:08 IST" skipped="0">
  <testcase classname="com.mylogoecom.testclasses.SignUpEmailPageTest" name="createAccount" time="51.068"/>
  <system-out/>
</testsuite> <!-- com.mylogoecom.testclasses.SignUpEmailPageTest -->
