<?xml version="1.0" encoding="UTF-8"?>
<!-- Generated by org.testng.reporters.JUnitReportReporter -->
<testsuite hostname="SURENDRAN" failures="0" tests="2" name="com.mylogoecom.testclasses.SignInPageTest" time="0.147" errors="0" timestamp="2022-04-08T12:51:37 IST" skipped="0">
  <testcase classname="com.mylogoecom.testclasses.SignInPageTest" name="goToSignInPage" time="0.141"/>
  <system-out/>
  <testcase classname="com.mylogoecom.testclasses.SignInPageTest" name="loginUser" time="0.006"/>
  <system-out/>
</testsuite> <!-- com.mylogoecom.testclasses.SignInPageTest -->
