<?xml version="1.0" encoding="UTF-8"?>
<!-- Generated by org.testng.reporters.JUnitReportReporter -->
<testsuite hostname="SURENDRAN" failures="0" tests="1" name="com.mylogoecom.testclasses.SignInPageTest" time="39.825" errors="0" timestamp="2022-04-06T20:47:03 IST" skipped="0">
  <testcase classname="com.mylogoecom.testclasses.SignInPageTest" name="goToSignInPage" time="39.825"/>
  <system-out/>
</testsuite> <!-- com.mylogoecom.testclasses.SignInPageTest -->
