<?xml version="1.0" encoding="UTF-8"?>
<!-- Generated by org.testng.reporters.JUnitReportReporter -->
<testsuite hostname="SURENDRAN" failures="0" tests="2" name="com.mylogoecom.testclasses.SignInPageTest" time="6.903" errors="0" timestamp="2022-04-12T12:58:12 IST" skipped="0">
  <testcase classname="com.mylogoecom.testclasses.SignInPageTest" name="loginUser" time="4.083"/>
  <system-out/>
  <testcase classname="com.mylogoecom.testclasses.SignInPageTest" name="goToSignInPage" time="2.820"/>
  <system-out/>
</testsuite> <!-- com.mylogoecom.testclasses.SignInPageTest -->
